<?xml version="1.0" encoding="UTF-8"?>
<!-- Generated by org.testng.reporters.JUnitReportReporter -->
<testsuite hostname="ABP-HQ2-QA18" failures="0" tests="1" name="SeleniumWork.E2EProject.Homepage2$HomePage2" time="3.764" errors="0" timestamp="2022-05-17T10:20:09 WAT" skipped="0">
  <testcase classname="SeleniumWork.E2EProject.Homepage2$HomePage2" name="basePageNavigation" time="3.764"/>
  <system-out/>
</testsuite> <!-- SeleniumWork.E2EProject.Homepage2$HomePage2 -->
