<?xml version="1.0" encoding="UTF-8"?>
<!-- Generated by org.testng.reporters.JUnitReportReporter -->
<testsuite hostname="ABP-HQ2-QA18" failures="0" tests="1" name="SeleniumWork.homePage" time="2.340" errors="0" timestamp="2022-06-06T17:52:20 WAT" skipped="0">
  <testcase classname="SeleniumWork.homePage" name="basePageNavigation" time="2.340"/>
  <system-out/>
</testsuite> <!-- SeleniumWork.homePage -->
