<?xml version="1.0" encoding="UTF-8"?>
<!-- Generated by org.testng.reporters.JUnitReportReporter -->
<testsuite hostname="ABP-HQ2-QA18" failures="0" tests="2" name="SeleniumWork.Login" time="21.211" errors="0" timestamp="2022-06-06T17:52:20 WAT" skipped="0">
  <testcase classname="SeleniumWork.Login" name="login" time="19.351"/>
  <system-out/>
  <testcase classname="SeleniumWork.Login" name="login" time="1.860"/>
  <system-out/>
</testsuite> <!-- SeleniumWork.Login -->
