<?xml version="1.0" encoding="UTF-8"?>
<!-- Generated by org.testng.reporters.JUnitReportReporter -->
<testsuite hostname="ABP-HQ2-QA18" failures="0" tests="2" name="SeleniumWork.E2EProject.Login" time="59.013" errors="0" timestamp="2022-05-17T08:30:46 WAT" skipped="0">
  <testcase classname="SeleniumWork.E2EProject.Login" name="login" time="37.494"/>
  <system-out/>
  <testcase classname="SeleniumWork.E2EProject.Login" name="login" time="21.519"/>
  <system-out/>
</testsuite> <!-- SeleniumWork.E2EProject.Login -->
